  lab1.3.cpp
C:\Users\MSI Z490\source\repos\lab1.3\lab1.3\lab1.3.cpp(20,18): error C2365: Entity::attack: переопределение; предыдущим определением было "данные-член"
      C:\Users\MSI Z490\source\repos\lab1.3\lab1.3\lab1.3.cpp(11,9):
       см. объявление "Entity::attack"
  
C:\Users\MSI Z490\source\repos\lab1.3\lab1.3\lab1.3.cpp(22,9): error C2059: синтаксическая ошибка: if
C:\Users\MSI Z490\source\repos\lab1.3\lab1.3\lab1.3.cpp(22,25): error C2334: непредвиденные лексемы перед "{"; пропуск вероятного тела функции
C:\Users\MSI Z490\source\repos\lab1.3\lab1.3\lab1.3.cpp(26,9): error C2059: синтаксическая ошибка: else
C:\Users\MSI Z490\source\repos\lab1.3\lab1.3\lab1.3.cpp(26,14): error C2334: непредвиденные лексемы перед "{"; пропуск вероятного тела функции
C:\Users\MSI Z490\source\repos\lab1.3\lab1.3\lab1.3.cpp(32,13): error C2628: недопустимый "Entity" с последующим "void" (возможно, отсутствует ";")
C:\Users\MSI Z490\source\repos\lab1.3\lab1.3\lab1.3.cpp(32,18): error C2575: heal: только функции-члены и базовые классы могут быть виртуальными
C:\Users\MSI Z490\source\repos\lab1.3\lab1.3\lab1.3.cpp(33,9): error C2065: health: необъявленный идентификатор
C:\Users\MSI Z490\source\repos\lab1.3\lab1.3\lab1.3.cpp(34,13): error C2065: health: необъявленный идентификатор
C:\Users\MSI Z490\source\repos\lab1.3\lab1.3\lab1.3.cpp(34,22): error C2065: maxHealth: необъявленный идентификатор
C:\Users\MSI Z490\source\repos\lab1.3\lab1.3\lab1.3.cpp(35,13): error C2065: health: необъявленный идентификатор
C:\Users\MSI Z490\source\repos\lab1.3\lab1.3\lab1.3.cpp(35,22): error C2065: maxHealth: необъявленный идентификатор
C:\Users\MSI Z490\source\repos\lab1.3\lab1.3\lab1.3.cpp(37,22): error C2065: name: необъявленный идентификатор
C:\Users\MSI Z490\source\repos\lab1.3\lab1.3\lab1.3.cpp(37,76): error C2065: health: необъявленный идентификатор
C:\Users\MSI Z490\source\repos\lab1.3\lab1.3\lab1.3.cpp(37,93): error C2065: maxHealth: необъявленный идентификатор
C:\Users\MSI Z490\source\repos\lab1.3\lab1.3\lab1.3.cpp(21,31): error C2065: target: необъявленный идентификатор
C:\Users\MSI Z490\source\repos\lab1.3\lab1.3\lab1.3.cpp(41,18): error C2270: displayInfo: модификаторы недопустимы для функций, не являющихся членами
C:\Users\MSI Z490\source\repos\lab1.3\lab1.3\lab1.3.cpp(42,34): error C2065: name: необъявленный идентификатор
C:\Users\MSI Z490\source\repos\lab1.3\lab1.3\lab1.3.cpp(42,54): error C2065: health: необъявленный идентификатор
C:\Users\MSI Z490\source\repos\lab1.3\lab1.3\lab1.3.cpp(42,71): error C2065: maxHealth: необъявленный идентификатор
C:\Users\MSI Z490\source\repos\lab1.3\lab1.3\lab1.3.cpp(43,32): error C2065: attack: необъявленный идентификатор
C:\Users\MSI Z490\source\repos\lab1.3\lab1.3\lab1.3.cpp(43,59): error C2065: defense: необъявленный идентификатор
C:\Users\MSI Z490\source\repos\lab1.3\lab1.3\lab1.3.cpp(46,10): error C2270: isAlive: модификаторы недопустимы для функций, не являющихся членами
C:\Users\MSI Z490\source\repos\lab1.3\lab1.3\lab1.3.cpp(47,16): error C2065: health: необъявленный идентификатор
C:\Users\MSI Z490\source\repos\lab1.3\lab1.3\lab1.3.cpp(51,14): error C2588: ::~Entity: недопустимая глобальная переменная деструктор
C:\Users\MSI Z490\source\repos\lab1.3\lab1.3\lab1.3.cpp(51,14): error C2575: Entity: только функции-члены и базовые классы могут быть виртуальными
C:\Users\MSI Z490\source\repos\lab1.3\lab1.3\lab1.3.cpp(51,14): error C4430: отсутствует спецификатор типа - предполагается int. Примечание. C++ не поддерживает int по умолчанию
C:\Users\MSI Z490\source\repos\lab1.3\lab1.3\lab1.3.cpp(51,24): warning C4508: Entity: функция должна возвращать значение; предполагается возвращаемый тип "void"
C:\Users\MSI Z490\source\repos\lab1.3\lab1.3\lab1.3.cpp(52,1): error C2059: синтаксическая ошибка: }
C:\Users\MSI Z490\source\repos\lab1.3\lab1.3\lab1.3.cpp(52,1): error C2143: синтаксическая ошибка: отсутствие ";" перед "}"
C:\Users\MSI Z490\source\repos\lab1.3\lab1.3\lab1.3.cpp(61,17): error C2061: синтаксическая ошибка: идентификатор "Entity"
C:\Users\MSI Z490\source\repos\lab1.3\lab1.3\lab1.3.cpp(61,10): error C3668: Character::attack: метод со спецификатором переопределения "override" не переопределяет какие-либо методы базового класса
C:\Users\MSI Z490\source\repos\lab1.3\lab1.3\lab1.3.cpp(78,10): error C3668: Character::heal: метод со спецификатором переопределения "override" не переопределяет какие-либо методы базового класса
C:\Users\MSI Z490\source\repos\lab1.3\lab1.3\lab1.3.cpp(88,10): error C3668: Character::displayInfo: метод со спецификатором переопределения "override" не переопределяет какие-либо методы базового класса
C:\Users\MSI Z490\source\repos\lab1.3\lab1.3\lab1.3.cpp(62,31): error C2065: target: необъявленный идентификатор
C:\Users\MSI Z490\source\repos\lab1.3\lab1.3\lab1.3.cpp(69,13): error C2065: target: необъявленный идентификатор
C:\Users\MSI Z490\source\repos\lab1.3\lab1.3\lab1.3.cpp(70,49): error C2065: target: необъявленный идентификатор
C:\Users\MSI Z490\source\repos\lab1.3\lab1.3\lab1.3.cpp(73,49): error C2065: target: необъявленный идентификатор
C:\Users\MSI Z490\source\repos\lab1.3\lab1.3\lab1.3.cpp(80,21): error C2039: "heal": не является членом "Entity".
      C:\Users\MSI Z490\source\repos\lab1.3\lab1.3\lab1.3.cpp(6,7):
       см. объявление "Entity"
  
C:\Users\MSI Z490\source\repos\lab1.3\lab1.3\lab1.3.cpp(90,32): error C3867: "Character::attack": нестандартный синтаксис; используйте "&", чтобы создать указатель на член
      C:\Users\MSI Z490\source\repos\lab1.3\lab1.3\lab1.3.cpp(90,32):
      контекст создания экземпляра шаблона (сначала самый старый)
          C:\Users\MSI Z490\source\repos\lab1.3\lab1.3\lab1.3.cpp(90,13):
          выполняется компиляция ссылки на экземпляр шаблон функции "std::basic_ostream<_Elem,_Traits> &std::operator <<(std::basic_ostream<_Elem,_Traits> &,const std::error_code &)"
  
C:\Users\MSI Z490\source\repos\lab1.3\lab1.3\lab1.3.cpp(100,17): error C2061: синтаксическая ошибка: идентификатор "Entity"
C:\Users\MSI Z490\source\repos\lab1.3\lab1.3\lab1.3.cpp(100,10): error C3668: Monster::attack: метод со спецификатором переопределения "override" не переопределяет какие-либо методы базового класса
C:\Users\MSI Z490\source\repos\lab1.3\lab1.3\lab1.3.cpp(116,10): error C3668: Monster::displayInfo: метод со спецификатором переопределения "override" не переопределяет какие-либо методы базового класса
C:\Users\MSI Z490\source\repos\lab1.3\lab1.3\lab1.3.cpp(101,31): error C2065: target: необъявленный идентификатор
C:\Users\MSI Z490\source\repos\lab1.3\lab1.3\lab1.3.cpp(108,13): error C2065: target: необъявленный идентификатор
C:\Users\MSI Z490\source\repos\lab1.3\lab1.3\lab1.3.cpp(109,49): error C2065: target: необъявленный идентификатор
C:\Users\MSI Z490\source\repos\lab1.3\lab1.3\lab1.3.cpp(112,49): error C2065: target: необъявленный идентификатор
C:\Users\MSI Z490\source\repos\lab1.3\lab1.3\lab1.3.cpp(118,32): error C3867: "Monster::attack": нестандартный синтаксис; используйте "&", чтобы создать указатель на член
      C:\Users\MSI Z490\source\repos\lab1.3\lab1.3\lab1.3.cpp(118,32):
      контекст создания экземпляра шаблона (сначала самый старый)
          C:\Users\MSI Z490\source\repos\lab1.3\lab1.3\lab1.3.cpp(118,13):
          выполняется компиляция ссылки на экземпляр шаблон функции "std::basic_ostream<_Elem,_Traits> &std::operator <<(std::basic_ostream<_Elem,_Traits> &,const std::error_code &)"
  
C:\Users\MSI Z490\source\repos\lab1.3\lab1.3\lab1.3.cpp(131,17): error C2061: синтаксическая ошибка: идентификатор "Entity"
C:\Users\MSI Z490\source\repos\lab1.3\lab1.3\lab1.3.cpp(142,21): error C2061: синтаксическая ошибка: идентификатор "Entity"
C:\Users\MSI Z490\source\repos\lab1.3\lab1.3\lab1.3.cpp(133,24): error C2065: target: необъявленный идентификатор
C:\Users\MSI Z490\source\repos\lab1.3\lab1.3\lab1.3.cpp(137,29): error C2065: target: необъявленный идентификатор
C:\Users\MSI Z490\source\repos\lab1.3\lab1.3\lab1.3.cpp(143,23): error C3867: "Boss::attack": нестандартный синтаксис; используйте "&", чтобы создать указатель на член
C:\Users\MSI Z490\source\repos\lab1.3\lab1.3\lab1.3.cpp(143,30): error C2296: "*": недопустимо, поскольку тип левого операнда — "void (__cdecl Boss::* )(void)"
C:\Users\MSI Z490\source\repos\lab1.3\lab1.3\lab1.3.cpp(143,37): error C2065: target: необъявленный идентификатор
C:\Users\MSI Z490\source\repos\lab1.3\lab1.3\lab1.3.cpp(145,13): error C2065: target: необъявленный идентификатор
C:\Users\MSI Z490\source\repos\lab1.3\lab1.3\lab1.3.cpp(146,61): error C2065: target: необъявленный идентификатор
C:\Users\MSI Z490\source\repos\lab1.3\lab1.3\lab1.3.cpp(150,72): error C2065: target: необъявленный идентификатор
C:\Users\MSI Z490\source\repos\lab1.3\lab1.3\lab1.3.cpp(156,32): error C3867: "Boss::attack": нестандартный синтаксис; используйте "&", чтобы создать указатель на член
      C:\Users\MSI Z490\source\repos\lab1.3\lab1.3\lab1.3.cpp(156,32):
      контекст создания экземпляра шаблона (сначала самый старый)
          C:\Users\MSI Z490\source\repos\lab1.3\lab1.3\lab1.3.cpp(156,13):
          выполняется компиляция ссылки на экземпляр шаблон функции "std::basic_ostream<_Elem,_Traits> &std::operator <<(std::basic_ostream<_Elem,_Traits> &,const std::error_code &)"
  
C:\Users\MSI Z490\source\repos\lab1.3\lab1.3\lab1.3.cpp(167,13): error C2065: entities: необъявленный идентификатор
C:\Users\MSI Z490\source\repos\lab1.3\lab1.3\lab1.3.cpp(167,22): error C7732: expected an expression before ']'
C:\Users\MSI Z490\source\repos\lab1.3\lab1.3\lab1.3.cpp(170,25): error C2065: entities: необъявленный идентификатор
C:\Users\MSI Z490\source\repos\lab1.3\lab1.3\lab1.3.cpp(170,16): error C2530: entity: ссылки должны быть инициализированы
C:\Users\MSI Z490\source\repos\lab1.3\lab1.3\lab1.3.cpp(170,16): error C3531: entity: символ, тип которого содержит спецификатор 'auto' должен иметь инициализатор
C:\Users\MSI Z490\source\repos\lab1.3\lab1.3\lab1.3.cpp(170,23): error C2143: синтаксическая ошибка: отсутствие ";" перед ":"
C:\Users\MSI Z490\source\repos\lab1.3\lab1.3\lab1.3.cpp(170,33): error C2143: синтаксическая ошибка: отсутствие ";" перед ")"
C:\Users\MSI Z490\source\repos\lab1.3\lab1.3\lab1.3.cpp(177,10): error C2660: Character::attack: функция не принимает 1 аргументов
      C:\Users\MSI Z490\source\repos\lab1.3\lab1.3\lab1.3.cpp(61,10):
       см. объявление "Character::attack"
      C:\Users\MSI Z490\source\repos\lab1.3\lab1.3\lab1.3.cpp(177,10):
      при попытке сопоставить список аргументов "(Monster)"
  
C:\Users\MSI Z490\source\repos\lab1.3\lab1.3\lab1.3.cpp(178,16): error C2039: "isAlive": не является членом "Monster".
      C:\Users\MSI Z490\source\repos\lab1.3\lab1.3\lab1.3.cpp(94,7):
       см. объявление "Monster"
  
C:\Users\MSI Z490\source\repos\lab1.3\lab1.3\lab1.3.cpp(178,34): error C2660: Monster::attack: функция не принимает 1 аргументов
      C:\Users\MSI Z490\source\repos\lab1.3\lab1.3\lab1.3.cpp(100,10):
       см. объявление "Monster::attack"
      C:\Users\MSI Z490\source\repos\lab1.3\lab1.3\lab1.3.cpp(178,34):
      при попытке сопоставить список аргументов "(Character)"
  
C:\Users\MSI Z490\source\repos\lab1.3\lab1.3\lab1.3.cpp(179,12): error C2660: Boss::attack: функция не принимает 1 аргументов
      C:\Users\MSI Z490\source\repos\lab1.3\lab1.3\lab1.3.cpp(131,10):
       см. объявление "Boss::attack"
      C:\Users\MSI Z490\source\repos\lab1.3\lab1.3\lab1.3.cpp(179,12):
      при попытке сопоставить список аргументов "(Character)"
  
C:\Users\MSI Z490\source\repos\lab1.3\lab1.3\lab1.3.cpp(182,25): error C2065: entities: необъявленный идентификатор
C:\Users\MSI Z490\source\repos\lab1.3\lab1.3\lab1.3.cpp(182,16): error C2530: entity: ссылки должны быть инициализированы
C:\Users\MSI Z490\source\repos\lab1.3\lab1.3\lab1.3.cpp(182,16): error C3531: entity: символ, тип которого содержит спецификатор 'auto' должен иметь инициализатор
C:\Users\MSI Z490\source\repos\lab1.3\lab1.3\lab1.3.cpp(182,23): error C2143: синтаксическая ошибка: отсутствие ";" перед ":"
C:\Users\MSI Z490\source\repos\lab1.3\lab1.3\lab1.3.cpp(182,33): error C2143: синтаксическая ошибка: отсутствие ";" перед ")"
C:\Users\MSI Z490\source\repos\lab1.3\lab1.3\lab1.3.cpp(192,10): error C2660: Character::attack: функция не принимает 1 аргументов
      C:\Users\MSI Z490\source\repos\lab1.3\lab1.3\lab1.3.cpp(61,10):
       см. объявление "Character::attack"
      C:\Users\MSI Z490\source\repos\lab1.3\lab1.3\lab1.3.cpp(192,10):
      при попытке сопоставить список аргументов "(Boss)"
  
C:\Users\MSI Z490\source\repos\lab1.3\lab1.3\lab1.3.cpp(193,16): error C2039: "isAlive": не является членом "Monster".
      C:\Users\MSI Z490\source\repos\lab1.3\lab1.3\lab1.3.cpp(94,7):
       см. объявление "Monster"
  
C:\Users\MSI Z490\source\repos\lab1.3\lab1.3\lab1.3.cpp(193,34): error C2660: Monster::attack: функция не принимает 1 аргументов
      C:\Users\MSI Z490\source\repos\lab1.3\lab1.3\lab1.3.cpp(100,10):
       см. объявление "Monster::attack"
      C:\Users\MSI Z490\source\repos\lab1.3\lab1.3\lab1.3.cpp(193,34):
      при попытке сопоставить список аргументов "(Character)"
  
C:\Users\MSI Z490\source\repos\lab1.3\lab1.3\lab1.3.cpp(194,12): error C2660: Boss::attack: функция не принимает 1 аргументов
      C:\Users\MSI Z490\source\repos\lab1.3\lab1.3\lab1.3.cpp(131,10):
       см. объявление "Boss::attack"
      C:\Users\MSI Z490\source\repos\lab1.3\lab1.3\lab1.3.cpp(194,12):
      при попытке сопоставить список аргументов "(Character)"
  
C:\Users\MSI Z490\source\repos\lab1.3\lab1.3\lab1.3.cpp(197,25): error C2065: entities: необъявленный идентификатор
C:\Users\MSI Z490\source\repos\lab1.3\lab1.3\lab1.3.cpp(197,16): error C2530: entity: ссылки должны быть инициализированы
C:\Users\MSI Z490\source\repos\lab1.3\lab1.3\lab1.3.cpp(197,16): error C3531: entity: символ, тип которого содержит спецификатор 'auto' должен иметь инициализатор
C:\Users\MSI Z490\source\repos\lab1.3\lab1.3\lab1.3.cpp(197,23): error C2143: синтаксическая ошибка: отсутствие ";" перед ":"
C:\Users\MSI Z490\source\repos\lab1.3\lab1.3\lab1.3.cpp(197,33): error C2143: синтаксическая ошибка: отсутствие ";" перед ")"
